#
# A fatal error has been detected by the Java Runtime Environment:
#
#  EXCEPTION_ACCESS_VIOLATION (0xc0000005) at pc=0x00007ffbfdf2e9b3, pid=31128, tid=38216
#
# JRE version: OpenJDK Runtime Environment Microsoft-10800295 (17.0.14+7) (build 17.0.14+7-LTS)
# Java VM: OpenJDK 64-Bit Server VM Microsoft-10800295 (17.0.14+7-LTS, mixed mode, sharing, tiered, compressed oops, compressed class ptrs, g1 gc, windows-amd64)
# Problematic frame:
# V  [jvm.dll+0x38e9b3]
#
# No core dump will be written. Minidumps are not enabled by default on client versions of Windows
#
# If you would like to submit a bug report, please visit:
#   https://github.com/microsoft/openjdk/issues
#

---------------  S U M M A R Y ------------

Command Line: -agentlib:jdwp=transport=dt_socket,address=127.0.0.1:56729,suspend=y,server=n -javaagent:C:\Users\moses\AppData\Local\JetBrains\IdeaIC2025.1\captureAgent\debugger-agent.jar=file:///C:/Users/moses/AppData/Local/Temp/capture2956428025570297718.props -Dkotlinx.coroutines.debug.enable.creation.stack.trace=false -Ddebugger.agent.enable.coroutines=true -Dkotlinx.coroutines.debug.enable.flows.stack.trace=true -Dkotlinx.coroutines.debug.enable.mutable.state.flows.stack.trace=true -Dfile.encoding=UTF-8 LibraryManagement.LMS.LmsApplication

Host: Intel(R) Core(TM) i5-6300U CPU @ 2.40GHz, 4 cores, 7G,  Windows 10 , 64 bit Build 19041 (10.0.19041.5915)
Time: Sun Jul  6 17:40:07 2025 E. Africa Standard Time elapsed time: 1579.677388 seconds (0d 0h 26m 19s)

---------------  T H R E A D  ---------------

Current thread (0x00000157a33da3a0):  JavaThread "HikariPool-1:connection-closer" daemon [_thread_in_vm, id=38216, stack(0x000000289aa00000,0x000000289ab00000)]

Stack: [0x000000289aa00000,0x000000289ab00000],  sp=0x000000289aaf99e0,  free space=998k
Native frames: (J=compiled Java code, j=interpreted, Vv=VM code, C=native code)
V  [jvm.dll+0x38e9b3]
V  [jvm.dll+0x6885d2]
V  [jvm.dll+0x38e70e]
V  [jvm.dll+0x3f8994]
